<?xml version="1.0" encoding="UTF-8"?>
<!-- Generated by org.testng.reporters.JUnitReportReporter -->
<testsuite skipped="0" hostname="akanksha3554" name="TestngPackage.SearchTest" tests="1" failures="0" timestamp="2020-05-31T13:56:54 IST" time="10.522" errors="0">
  <testcase name="searchTest" time="10.522" classname="TestngPackage.SearchTest"/>
</testsuite> <!-- TestngPackage.SearchTest -->
