<?xml version="1.0" encoding="UTF-8"?>
<!-- Generated by org.testng.reporters.JUnitReportReporter -->
<testsuite skipped="0" hostname="akanksha3554" name="TestngPackage.DeleteProductTest" tests="1" failures="0" timestamp="2020-05-31T13:56:54 IST" time="2.630" errors="0">
  <testcase name="deleteProduct" time="2.630" classname="TestngPackage.DeleteProductTest"/>
</testsuite> <!-- TestngPackage.DeleteProductTest -->
