<?xml version="1.0" encoding="UTF-8"?>
<!-- Generated by org.testng.reporters.JUnitReportReporter -->
<testsuite skipped="0" hostname="akanksha3554" name="TestngPackage.SigninTest" tests="1" failures="0" timestamp="2020-05-31T13:56:54 IST" time="5.142" errors="0">
  <testcase name="signinTest" time="5.142" classname="TestngPackage.SigninTest"/>
</testsuite> <!-- TestngPackage.SigninTest -->
